<?xml version="1.0" encoding="UTF-8"?>
<testsuites>
  <testsuite name="" tests="1" assertions="0" errors="1" warnings="0" failures="0" skipped="0" time="0.004795">
    <testsuite name="P\Tests\CommentTest" file="/var/www/server/packages/imanborumandzadeh/laravel-comments/vendor/pestphp/pest/src/Factories/TestCaseFactory.php(223) : eval()'d code" tests="1" assertions="0" errors="1" warnings="0" failures="0" skipped="0" time="0.004795">
      <testcase name="it can be created" assertions="0" time="0.004795">
        <error type="Error">/var/www/server/packages/imanborumandzadeh/laravel-comments/tests/CommentTest.php::it can be created
Error: Call to a member function connection() on null

/var/www/server/packages/imanborumandzadeh/laravel-comments/vendor/laravel/framework/src/Illuminate/Database/Eloquent/Model.php:1811
/var/www/server/packages/imanborumandzadeh/laravel-comments/vendor/laravel/framework/src/Illuminate/Database/Eloquent/Model.php:1777
/var/www/server/packages/imanborumandzadeh/laravel-comments/vendor/laravel/framework/src/Illuminate/Database/Eloquent/Model.php:1569
/var/www/server/packages/imanborumandzadeh/laravel-comments/vendor/laravel/framework/src/Illuminate/Database/Eloquent/Model.php:1486
/var/www/server/packages/imanborumandzadeh/laravel-comments/vendor/laravel/framework/src/Illuminate/Database/Eloquent/Model.php:1522
/var/www/server/packages/imanborumandzadeh/laravel-comments/vendor/laravel/framework/src/Illuminate/Database/Eloquent/Model.php:1475
/var/www/server/packages/imanborumandzadeh/laravel-comments/vendor/laravel/framework/src/Illuminate/Database/Eloquent/Model.php:2321
/var/www/server/packages/imanborumandzadeh/laravel-comments/vendor/laravel/framework/src/Illuminate/Database/Eloquent/Model.php:2333
/var/www/server/packages/imanborumandzadeh/laravel-comments/tests/CommentTest.php:30
/var/www/server/packages/imanborumandzadeh/laravel-comments/vendor/pestphp/pest/src/Factories/TestCaseFactory.php:151
/var/www/server/packages/imanborumandzadeh/laravel-comments/vendor/pestphp/pest/src/Concerns/Testable.php:302
/var/www/server/packages/imanborumandzadeh/laravel-comments/vendor/pestphp/pest/src/Support/ExceptionTrace.php:29
/var/www/server/packages/imanborumandzadeh/laravel-comments/vendor/pestphp/pest/src/Concerns/Testable.php:303
/var/www/server/packages/imanborumandzadeh/laravel-comments/vendor/pestphp/pest/src/Concerns/Testable.php:279
/var/www/server/packages/imanborumandzadeh/laravel-comments/vendor/pestphp/pest/src/Console/Command.php:119</error>
      </testcase>
    </testsuite>
  </testsuite>
</testsuites>
